<?xml version="1.0" encoding="UTF-8"?>
<testng-results ignored="0" total="1" passed="1" failed="0" skipped="0">
  <reporter-output>
  </reporter-output>
  <suite started-at="2024-11-25T20:36:26 IST" name="Default suite" finished-at="2024-11-25T20:36:54 IST" duration-ms="28279">
    <groups>
    </groups>
    <test started-at="2024-11-25T20:36:26 IST" name="Default test" finished-at="2024-11-25T20:36:54 IST" duration-ms="28279">
      <class name="FitPeoAssignment.Assignment.FitPeo">
        <test-method is-config="true" signature="setup()[pri:0, instance:FitPeoAssignment.Assignment.FitPeo@2d710f1a]" started-at="2024-11-25T20:36:26 IST" name="setup" finished-at="2024-11-25T20:36:29 IST" duration-ms="3048" status="PASS">
          <reporter-output>
          </reporter-output>
        </test-method> <!-- setup -->
        <test-method signature="navigationTest()[pri:0, instance:FitPeoAssignment.Assignment.FitPeo@2d710f1a]" started-at="2024-11-25T20:36:29 IST" name="navigationTest" finished-at="2024-11-25T20:36:53 IST" duration-ms="24709" status="PASS">
          <reporter-output>
          </reporter-output>
        </test-method> <!-- navigationTest -->
        <test-method is-config="true" signature="tearDown()[pri:0, instance:FitPeoAssignment.Assignment.FitPeo@2d710f1a]" started-at="2024-11-25T20:36:53 IST" name="tearDown" finished-at="2024-11-25T20:36:54 IST" duration-ms="459" status="PASS">
          <reporter-output>
          </reporter-output>
        </test-method> <!-- tearDown -->
      </class> <!-- FitPeoAssignment.Assignment.FitPeo -->
    </test> <!-- Default test -->
  </suite> <!-- Default suite -->
</testng-results>
